0 verbose cli /home/debian/.nvm/versions/node/v22.12.0/bin/node /home/debian/.nvm/versions/node/v22.12.0/bin/npm
1 info using npm@10.9.0
2 info using node@v22.12.0
3 silly config load:file:/home/debian/.nvm/versions/node/v22.12.0/lib/node_modules/npm/npmrc
4 silly config load:file:/home/debian/.npmrc
5 silly config load:file:/home/debian/.npm-global/etc/npmrc
6 verbose title npm install tap
7 verbose argv "install" "--global" "tap"
8 verbose logfile logs-max:10 dir:/home/debian/.npm/_logs/2025-01-02T20_32_41_552Z-
9 verbose logfile /home/debian/.npm/_logs/2025-01-02T20_32_41_552Z-debug-0.log
10 silly packumentCache heap:1038090240 maxSize:259522560 maxEntrySize:129761280
11 silly logfile start cleaning logs, removing 1 files
12 silly logfile done cleaning log files
13 verbose Error: EACCES: permission denied, mkdir '/home/debian/.npm-global/lib'
    at async mkdir (node:internal/fs/promises:857:10)
    at async Arborist.reify (/home/debian/.nvm/versions/node/v22.12.0/lib/node_modules/npm/node_modules/@npmcli/arborist/lib/arborist/reify.js:126:7)
    at async Install.exec (/home/debian/.nvm/versions/node/v22.12.0/lib/node_modules/npm/lib/commands/install.js:150:5)
    at async Npm.exec (/home/debian/.nvm/versions/node/v22.12.0/lib/node_modules/npm/lib/npm.js:207:9)
    at async module.exports (/home/debian/.nvm/versions/node/v22.12.0/lib/node_modules/npm/lib/cli/entry.js:74:5)
14 verbose stack Error: EACCES: permission denied, mkdir '/home/debian/.npm-global/lib'
14 verbose stack     at async mkdir (node:internal/fs/promises:857:10)
14 verbose stack     at async Arborist.reify (/home/debian/.nvm/versions/node/v22.12.0/lib/node_modules/npm/node_modules/@npmcli/arborist/lib/arborist/reify.js:126:7)
14 verbose stack     at async Install.exec (/home/debian/.nvm/versions/node/v22.12.0/lib/node_modules/npm/lib/commands/install.js:150:5)
14 verbose stack     at async Npm.exec (/home/debian/.nvm/versions/node/v22.12.0/lib/node_modules/npm/lib/npm.js:207:9)
14 verbose stack     at async module.exports (/home/debian/.nvm/versions/node/v22.12.0/lib/node_modules/npm/lib/cli/entry.js:74:5)
15 error code EACCES
16 error syscall mkdir
17 error path /home/debian/.npm-global/lib
18 error errno -13
19 error
19 error Your cache folder contains root-owned files, due to a bug in
19 error previous versions of npm which has since been addressed.
19 error
19 error To permanently fix this problem, please run:
19 error   sudo chown -R 1000:1000 "/home/debian/.npm"
20 silly unfinished npm timer reify 1735849961842
21 verbose cwd /home/debian
22 verbose os Linux 6.1.0-28-cloud-amd64
23 verbose node v22.12.0
24 verbose npm  v10.9.0
25 verbose exit -13
26 verbose code -13
27 error A complete log of this run can be found in: /home/debian/.npm/_logs/2025-01-02T20_32_41_552Z-debug-0.log
