0 verbose cli /home/debian/.nvm/versions/node/v22.12.0/bin/node /home/debian/.nvm/versions/node/v22.12.0/lib/node_modules/npm/bin/npm-cli.js
1 info using npm@10.9.0
2 info using node@v22.12.0
3 silly config load:file:/home/debian/.nvm/versions/node/v22.12.0/lib/node_modules/npm/npmrc
4 silly config load:file:/home/debian/.npmrc
5 silly config load:file:/home/debian/.npm-global/etc/npmrc
6 verbose title npm exec bolt.diy --version
7 verbose argv "exec" "--" "bolt.diy" "--version"
8 verbose logfile logs-max:10 dir:/home/debian/.npm/_logs/2025-01-02T22_29_07_249Z-
9 verbose logfile /home/debian/.npm/_logs/2025-01-02T22_29_07_249Z-debug-0.log
10 silly logfile start cleaning logs, removing 1 files
11 silly logfile done cleaning log files
12 silly packumentCache heap:1038090240 maxSize:259522560 maxEntrySize:129761280
13 http fetch GET 404 https://registry.npmjs.org/bolt.diy 134ms (cache skip)
14 http fetch GET 404 https://registry.npmjs.org/bolt.diy 29ms (cache skip)
15 verbose stack HttpErrorGeneral: 404 Not Found - GET https://registry.npmjs.org/bolt.diy - Not found
15 verbose stack     at /home/debian/.nvm/versions/node/v22.12.0/lib/node_modules/npm/node_modules/npm-registry-fetch/lib/check-response.js:95:15
15 verbose stack     at process.processTicksAndRejections (node:internal/process/task_queues:105:5)
15 verbose stack     at async RegistryFetcher.packument (/home/debian/.nvm/versions/node/v22.12.0/lib/node_modules/npm/node_modules/pacote/lib/registry.js:90:19)
15 verbose stack     at async RegistryFetcher.manifest (/home/debian/.nvm/versions/node/v22.12.0/lib/node_modules/npm/node_modules/pacote/lib/registry.js:128:23)
15 verbose stack     at async getManifest (/home/debian/.nvm/versions/node/v22.12.0/lib/node_modules/npm/node_modules/libnpmexec/lib/index.js:27:22)
15 verbose stack     at async missingFromTree (/home/debian/.nvm/versions/node/v22.12.0/lib/node_modules/npm/node_modules/libnpmexec/lib/index.js:60:22)
15 verbose stack     at async /home/debian/.nvm/versions/node/v22.12.0/lib/node_modules/npm/node_modules/libnpmexec/lib/index.js:182:32
15 verbose stack     at async Promise.all (index 0)
15 verbose stack     at async exec (/home/debian/.nvm/versions/node/v22.12.0/lib/node_modules/npm/node_modules/libnpmexec/lib/index.js:180:3)
15 verbose stack     at async Npm.exec (/home/debian/.nvm/versions/node/v22.12.0/lib/node_modules/npm/lib/npm.js:207:9)
16 verbose statusCode 404
17 verbose pkgid bolt.diy@*
18 error code E404
19 error 404 Not Found - GET https://registry.npmjs.org/bolt.diy - Not found
20 error 404
21 error 404  'bolt.diy@*' is not in this registry.
22 error 404
23 error 404 Note that you can also install from a
24 error 404 tarball, folder, http url, or git url.
25 verbose cwd /home/debian
26 verbose os Linux 6.1.0-28-cloud-amd64
27 verbose node v22.12.0
28 verbose npm  v10.9.0
29 verbose exit 1
30 verbose code 1
31 error A complete log of this run can be found in: /home/debian/.npm/_logs/2025-01-02T22_29_07_249Z-debug-0.log
