0 verbose cli /home/debian/.nvm/versions/node/v22.12.0/bin/node /home/debian/.nvm/versions/node/v22.12.0/bin/npm
1 info using npm@10.9.0
2 info using node@v22.12.0
3 silly config load:file:/home/debian/.nvm/versions/node/v22.12.0/lib/node_modules/npm/npmrc
4 silly config load:file:/home/debian/.npmrc
5 silly config load:file:/home/debian/.npm-global/etc/npmrc
6 verbose title npm init
7 verbose argv "init" "--yes"
8 verbose logfile logs-max:10 dir:/home/debian/.npm/_logs/2025-01-01T23_45_20_400Z-
9 verbose logfile /home/debian/.npm/_logs/2025-01-01T23_45_20_400Z-debug-0.log
10 silly logfile done cleaning log files
11 silly package data {
11 silly package data   name: 'educational-content-manager',
11 silly package data   version: '1.0.0',
11 silly package data   main: 'index.js',
11 silly package data   scripts: { test: 'echo "Error: no test specified" && exit 1' },
11 silly package data   keywords: [],
11 silly package data   author: '',
11 silly package data   license: 'ISC',
11 silly package data   description: ''
11 silly package data }
12 verbose cwd /home/debian/projects/educational-content-manager
13 verbose os Linux 6.1.0-28-cloud-amd64
14 verbose node v22.12.0
15 verbose npm  v10.9.0
16 verbose exit 0
17 info ok
