0 verbose cli /home/debian/.nvm/versions/node/v22.12.0/bin/node /home/debian/.nvm/versions/node/v22.12.0/bin/npm
1 info using npm@10.9.0
2 info using node@v22.12.0
3 silly config load:file:/home/debian/.nvm/versions/node/v22.12.0/lib/node_modules/npm/npmrc
4 silly config load:file:/home/debian/projects/educational-content-manager/.npmrc
5 silly config load:file:/home/debian/.npmrc
6 silly config load:file:/home/debian/.npm-global/etc/npmrc
7 verbose title npm run dev
8 verbose argv "run" "dev"
9 verbose logfile logs-max:10 dir:/home/debian/.npm/_logs/2025-01-01T23_46_23_249Z-
10 verbose logfile /home/debian/.npm/_logs/2025-01-01T23_46_23_249Z-debug-0.log
11 silly logfile done cleaning log files
12 verbose stack Error: Missing script: "dev"
12 verbose stack
12 verbose stack To see a list of scripts, run:
12 verbose stack   npm run
12 verbose stack     at #run (/home/debian/.nvm/versions/node/v22.12.0/lib/node_modules/npm/lib/commands/run-script.js:111:13)
12 verbose stack     at async RunScript.exec (/home/debian/.nvm/versions/node/v22.12.0/lib/node_modules/npm/lib/commands/run-script.js:40:7)
12 verbose stack     at async Npm.exec (/home/debian/.nvm/versions/node/v22.12.0/lib/node_modules/npm/lib/npm.js:207:9)
12 verbose stack     at async module.exports (/home/debian/.nvm/versions/node/v22.12.0/lib/node_modules/npm/lib/cli/entry.js:74:5)
13 error Missing script: "dev"
13 error
13 error To see a list of scripts, run:
13 error   npm run
14 verbose cwd /home/debian/projects/educational-content-manager
15 verbose os Linux 6.1.0-28-cloud-amd64
16 verbose node v22.12.0
17 verbose npm  v10.9.0
18 verbose exit 1
19 verbose code 1
20 error A complete log of this run can be found in: /home/debian/.npm/_logs/2025-01-01T23_46_23_249Z-debug-0.log
