0 verbose cli /usr/bin/node /usr/bin/npm
1 info using npm@10.8.2
2 info using node@v20.18.1
3 silly config load:file:/usr/lib/node_modules/npm/npmrc
4 silly config load:file:/home/debian/.npmrc
5 silly config load:file:/home/debian/.npm-global/etc/npmrc
6 verbose title npm list
7 verbose argv "list" "--global" "--depth" "0"
8 verbose logfile logs-max:10 dir:/home/debian/.npm/_logs/2025-01-01T23_41_49_698Z-
9 verbose logfile /home/debian/.npm/_logs/2025-01-01T23_41_49_698Z-debug-0.log
10 silly packumentCache heap:1038090240 maxSize:259522560 maxEntrySize:129761280
11 silly logfile done cleaning log files
12 verbose stack Error: ENOENT: no such file or directory, lstat '/home/debian/.npm-global/lib'
12 verbose stack     at async lstat (node:internal/fs/promises:1021:18)
12 verbose stack     at async #loadActual (/usr/lib/node_modules/npm/node_modules/@npmcli/arborist/lib/arborist/load-actual.js:112:20)
12 verbose stack     at async LS.initTree (/usr/lib/node_modules/npm/lib/commands/ls.js:213:18)
12 verbose stack     at async LS.exec (/usr/lib/node_modules/npm/lib/commands/ls.js:73:18)
12 verbose stack     at async Npm.exec (/usr/lib/node_modules/npm/lib/npm.js:207:9)
12 verbose stack     at async module.exports (/usr/lib/node_modules/npm/lib/cli/entry.js:74:5)
13 error code ENOENT
14 error syscall lstat
15 error path /home/debian/.npm-global/lib
16 error errno -2
17 error enoent ENOENT: no such file or directory, lstat '/home/debian/.npm-global/lib'
18 error enoent This is related to npm not being able to find a file.
18 error enoent
19 verbose cwd /home/debian/educational-content-manager
20 verbose os Linux 6.1.0-28-cloud-amd64
21 verbose node v20.18.1
22 verbose npm  v10.8.2
23 verbose exit -2
24 verbose code -2
25 error A complete log of this run can be found in: /home/debian/.npm/_logs/2025-01-01T23_41_49_698Z-debug-0.log
